This file contains any messages produced by compilers while
running configure, to aid debugging if configure makes a mistake.

It was created by configure, which was
generated by GNU Autoconf 2.69.  Invocation command line was

  $ ./configure 

## --------- ##
## Platform. ##
## --------- ##

hostname = YOSHIOKANO-MONODAKARA
uname -m = x86_64
uname -r = 5.10.16.3-microsoft-standard-WSL2
uname -s = Linux
uname -v = #1 SMP Fri Apr 2 22:23:49 UTC 2021

/usr/bin/uname -p = unknown
/bin/uname -X     = unknown

/bin/arch              = unknown
/usr/bin/arch -k       = unknown
/usr/convex/getsysinfo = unknown
/usr/bin/hostinfo      = unknown
/bin/machine           = unknown
/usr/bin/oslevel       = unknown
/bin/universe          = unknown

PATH: /home/btn7/.vscode-server/bin/3b889b090b5ad5793f524b5d1d39fda662b96a2a/bin/remote-cli
PATH: /home/linuxbrew/.linuxbrew/bin
PATH: /home/linuxbrew/.linuxbrew/sbin
PATH: /home/btn7/.local/bin
PATH: /usr/local/sbin
PATH: /usr/local/bin
PATH: /usr/sbin
PATH: /usr/bin
PATH: /sbin
PATH: /bin
PATH: /usr/games
PATH: /usr/local/games
PATH: /usr/lib/wsl/lib
PATH: /mnt/c/MinGW/bin
PATH: /mnt/c/WINDOWS/system32
PATH: /mnt/c/WINDOWS
PATH: /mnt/c/WINDOWS/System32/Wbem
PATH: /mnt/c/WINDOWS/System32/WindowsPowerShell/v1.0/
PATH: /mnt/c/WINDOWS/System32/OpenSSH/
PATH: /mnt/c/Users/81808/Desktop/MATLAB/bin
PATH: /mnt/c/Program Files/MATLAB/R2020a/bin
PATH: /mnt/c/Program Files/Git/cmd
PATH: /mnt/c/Program Files/dotnet/
PATH: /mnt/c/Program Files/Docker/Docker/resources/bin
PATH: /mnt/c/ProgramData/DockerDesktop/version-bin
PATH: /mnt/c/Users/81808/Anaconda3/python.exe
PATH: /mnt/c/Users/81808/AppData/Local/Programs/Microsoft VS Code/bin
PATH: /mnt/c/Users/81808/anaconda3
PATH: /mnt/c/Users/81808/.dotnet/tools
PATH: /mnt/c/Program Files/OpenSSL-Win64/bin
PATH: /mnt/c/Users/81808/Anaconda3/Library/mingw-w64/bin
PATH: /mnt/c/Users/81808/Anaconda3/Scripts
PATH: /mnt/c/Users/81808/Anaconda3/Library/usr/bin
PATH: /mnt/c/Users/81808/Anaconda3/Library/bin
PATH: /mnt/c/Program Files/heroku/bin
PATH: /mnt/c/Users/81808/AppData/Local/atom/bin


## ----------- ##
## Core tests. ##
## ----------- ##

configure:2497: checking build system type
configure:2511: result: x86_64-unknown-linux-gnu
configure:2531: checking host system type
configure:2544: result: x86_64-unknown-linux-gnu
configure:2612: checking for gcc
configure:2628: found /usr/bin/gcc
configure:2639: result: gcc
configure:2868: checking for C compiler version
configure:2877: gcc --version >&5
gcc (Debian 10.2.1-6) 10.2.1 20210110
Copyright (C) 2020 Free Software Foundation, Inc.
This is free software; see the source for copying conditions.  There is NO
warranty; not even for MERCHANTABILITY or FITNESS FOR A PARTICULAR PURPOSE.

configure:2888: $? = 0
configure:2877: gcc -v >&5
Using built-in specs.
COLLECT_GCC=gcc
COLLECT_LTO_WRAPPER=/usr/lib/gcc/x86_64-linux-gnu/10/lto-wrapper
OFFLOAD_TARGET_NAMES=nvptx-none:amdgcn-amdhsa:hsa
OFFLOAD_TARGET_DEFAULT=1
Target: x86_64-linux-gnu
Configured with: ../src/configure -v --with-pkgversion='Debian 10.2.1-6' --with-bugurl=file:///usr/share/doc/gcc-10/README.Bugs --enable-languages=c,ada,c++,go,brig,d,fortran,objc,obj-c++,m2 --prefix=/usr --with-gcc-major-version-only --program-suffix=-10 --program-prefix=x86_64-linux-gnu- --enable-shared --enable-linker-build-id --libexecdir=/usr/lib --without-included-gettext --enable-threads=posix --libdir=/usr/lib --enable-nls --enable-bootstrap --enable-clocale=gnu --enable-libstdcxx-debug --enable-libstdcxx-time=yes --with-default-libstdcxx-abi=new --enable-gnu-unique-object --disable-vtable-verify --enable-plugin --enable-default-pie --with-system-zlib --enable-libphobos-checking=release --with-target-system-zlib=auto --enable-objc-gc=auto --enable-multiarch --disable-werror --with-arch-32=i686 --with-abi=m64 --with-multilib-list=m32,m64,mx32 --enable-multilib --with-tune=generic --enable-offload-targets=nvptx-none=/build/gcc-10-Km9U7s/gcc-10-10.2.1/debian/tmp-nvptx/usr,amdgcn-amdhsa=/build/gcc-10-Km9U7s/gcc-10-10.2.1/debian/tmp-gcn/usr,hsa --without-cuda-driver --enable-checking=release --build=x86_64-linux-gnu --host=x86_64-linux-gnu --target=x86_64-linux-gnu --with-build-config=bootstrap-lto-lean --enable-link-mutex
Thread model: posix
Supported LTO compression algorithms: zlib zstd
gcc version 10.2.1 20210110 (Debian 10.2.1-6) 
... rest of stderr output deleted ...
configure:2888: $? = 0
configure:2877: gcc -V >&5
gcc: error: unrecognized command-line option '-V'
gcc: fatal error: no input files
compilation terminated.
configure:2888: $? = 1
configure:2877: gcc -qversion >&5
gcc: error: unrecognized command-line option '-qversion'; did you mean '--version'?
gcc: fatal error: no input files
compilation terminated.
configure:2888: $? = 1
configure:2908: checking whether the C compiler works
configure:2930: gcc    conftest.c  >&5
configure:2934: $? = 0
configure:2982: result: yes
configure:2985: checking for C compiler default output file name
configure:2987: result: a.out
configure:2993: checking for suffix of executables
configure:3000: gcc -o conftest    conftest.c  >&5
configure:3004: $? = 0
configure:3026: result: 
configure:3048: checking whether we are cross compiling
configure:3056: gcc -o conftest    conftest.c  >&5
configure:3060: $? = 0
configure:3067: ./conftest
configure:3071: $? = 0
configure:3086: result: no
configure:3091: checking for suffix of object files
configure:3113: gcc -c   conftest.c >&5
configure:3117: $? = 0
configure:3138: result: o
configure:3142: checking whether we are using the GNU C compiler
configure:3161: gcc -c   conftest.c >&5
configure:3161: $? = 0
configure:3170: result: yes
configure:3179: checking whether gcc accepts -g
configure:3199: gcc -c -g  conftest.c >&5
configure:3199: $? = 0
configure:3240: result: yes
configure:3257: checking for gcc option to accept ISO C89
configure:3320: gcc  -c -g -O2  conftest.c >&5
configure:3320: $? = 0
configure:3333: result: none needed
configure:3353: checking for a sed that does not truncate output
configure:3417: result: /bin/sed
configure:3435: checking for grep that handles long lines and -e
configure:3493: result: /bin/grep
configure:3498: checking for egrep
configure:3560: result: /bin/grep -E
configure:3565: checking for fgrep
configure:3627: result: /bin/grep -F
configure:3662: checking for ld used by gcc
configure:3729: result: /usr/bin/ld
configure:3736: checking if the linker (/usr/bin/ld) is GNU ld
configure:3751: result: yes
configure:3763: checking for BSD- or MS-compatible name lister (nm)
configure:3812: result: /usr/bin/nm -B
configure:3930: checking the name lister (/usr/bin/nm -B) interface
configure:3937: gcc -c -g -O2  conftest.c >&5
configure:3940: /usr/bin/nm -B "conftest.o"
configure:3943: output
0000000000000000 B some_variable
configure:3950: result: BSD nm
configure:3953: checking whether ln -s works
configure:3957: result: yes
configure:3965: checking the maximum length of command line arguments
configure:4091: result: 1572864
configure:4108: checking whether the shell understands some XSI constructs
configure:4118: result: yes
configure:4122: checking whether the shell understands "+="
configure:4128: result: yes
configure:4163: checking for /usr/bin/ld option to reload object files
configure:4170: result: -r
configure:4239: checking for objdump
configure:4255: found /usr/bin/objdump
configure:4266: result: objdump
configure:4295: checking how to recognize dependent libraries
configure:4493: result: pass_all
configure:4553: checking for ar
configure:4569: found /usr/bin/ar
configure:4580: result: ar
configure:4658: checking for strip
configure:4674: found /usr/bin/strip
configure:4685: result: strip
configure:4757: checking for ranlib
configure:4773: found /usr/bin/ranlib
configure:4784: result: ranlib
configure:4874: checking command to parse /usr/bin/nm -B output from gcc object
configure:4992: gcc -c -g -O2  conftest.c >&5
configure:4995: $? = 0
configure:4999: /usr/bin/nm -B conftest.o \| sed -n -e 's/^.*[	 ]\([ABCDGIRSTW][ABCDGIRSTW]*\)[	 ][	 ]*\([_A-Za-z][_A-Za-z0-9]*\)$/\1 \2 \2/p' \> conftest.nm
configure:5002: $? = 0
configure:5056: gcc -o conftest -g -O2   conftest.c conftstm.o >&5
configure:5059: $? = 0
configure:5097: result: ok
configure:5193: gcc -c -g -O2  conftest.c >&5
configure:5196: $? = 0
configure:5906: checking how to run the C preprocessor
configure:5937: gcc -E  conftest.c
configure:5937: $? = 0
configure:5951: gcc -E  conftest.c
conftest.c:9:10: fatal error: ac_nonexistent.h: No such file or directory
    9 | #include <ac_nonexistent.h>
      |          ^~~~~~~~~~~~~~~~~~
compilation terminated.
configure:5951: $? = 1
configure: failed program was:
| /* confdefs.h */
| #define PACKAGE_NAME ""
| #define PACKAGE_TARNAME ""
| #define PACKAGE_VERSION ""
| #define PACKAGE_STRING ""
| #define PACKAGE_BUGREPORT ""
| #define PACKAGE_URL ""
| /* end confdefs.h.  */
| #include <ac_nonexistent.h>
configure:5976: result: gcc -E
configure:5996: gcc -E  conftest.c
configure:5996: $? = 0
configure:6010: gcc -E  conftest.c
conftest.c:9:10: fatal error: ac_nonexistent.h: No such file or directory
    9 | #include <ac_nonexistent.h>
      |          ^~~~~~~~~~~~~~~~~~
compilation terminated.
configure:6010: $? = 1
configure: failed program was:
| /* confdefs.h */
| #define PACKAGE_NAME ""
| #define PACKAGE_TARNAME ""
| #define PACKAGE_VERSION ""
| #define PACKAGE_STRING ""
| #define PACKAGE_BUGREPORT ""
| #define PACKAGE_URL ""
| /* end confdefs.h.  */
| #include <ac_nonexistent.h>
configure:6039: checking for ANSI C header files
configure:6059: gcc -c -g -O2  conftest.c >&5
configure:6059: $? = 0
configure:6132: gcc -o conftest -g -O2   conftest.c  >&5
configure:6132: $? = 0
configure:6132: ./conftest
configure:6132: $? = 0
configure:6143: result: yes
configure:6156: checking for sys/types.h
configure:6156: gcc -c -g -O2  conftest.c >&5
configure:6156: $? = 0
configure:6156: result: yes
configure:6156: checking for sys/stat.h
configure:6156: gcc -c -g -O2  conftest.c >&5
configure:6156: $? = 0
configure:6156: result: yes
configure:6156: checking for stdlib.h
configure:6156: gcc -c -g -O2  conftest.c >&5
configure:6156: $? = 0
configure:6156: result: yes
configure:6156: checking for string.h
configure:6156: gcc -c -g -O2  conftest.c >&5
configure:6156: $? = 0
configure:6156: result: yes
configure:6156: checking for memory.h
configure:6156: gcc -c -g -O2  conftest.c >&5
configure:6156: $? = 0
configure:6156: result: yes
configure:6156: checking for strings.h
configure:6156: gcc -c -g -O2  conftest.c >&5
configure:6156: $? = 0
configure:6156: result: yes
configure:6156: checking for inttypes.h
configure:6156: gcc -c -g -O2  conftest.c >&5
configure:6156: $? = 0
configure:6156: result: yes
configure:6156: checking for stdint.h
configure:6156: gcc -c -g -O2  conftest.c >&5
configure:6156: $? = 0
configure:6156: result: yes
configure:6156: checking for unistd.h
configure:6156: gcc -c -g -O2  conftest.c >&5
configure:6156: $? = 0
configure:6156: result: yes
configure:6170: checking for dlfcn.h
configure:6170: gcc -c -g -O2  conftest.c >&5
configure:6170: $? = 0
configure:6170: result: yes
configure:6652: checking for objdir
configure:6667: result: .libs
configure:6963: checking if gcc supports -fno-rtti -fno-exceptions
configure:6981: gcc -c -g -O2  -fno-rtti -fno-exceptions conftest.c >&5
cc1: warning: command-line option '-fno-rtti' is valid for C++/D/ObjC++ but not for C
configure:6985: $? = 0
configure:6998: result: no
configure:7018: checking for gcc option to produce PIC
configure:7290: result: -fPIC -DPIC
configure:7302: checking if gcc PIC flag -fPIC -DPIC works
configure:7320: gcc -c -g -O2  -fPIC -DPIC -DPIC conftest.c >&5
configure:7324: $? = 0
configure:7337: result: yes
configure:7361: checking if gcc static flag -static works
configure:7389: result: yes
configure:7404: checking if gcc supports -c -o file.o
configure:7425: gcc -c -g -O2  -o out/conftest2.o conftest.c >&5
configure:7429: $? = 0
configure:7451: result: yes
configure:7459: checking if gcc supports -c -o file.o
configure:7506: result: yes
configure:7539: checking whether the gcc linker (/usr/bin/ld -m elf_x86_64) supports shared libraries
configure:8525: result: yes
configure:8562: checking whether -lc should be explicitly linked in
configure:8567: gcc -c -g -O2  conftest.c >&5
configure:8570: $? = 0
configure:8585: gcc -shared conftest.o  -v -Wl,-soname -Wl,conftest -o conftest 2\>\&1 \| /bin/grep  -lc  \>/dev/null 2\>\&1
configure:8588: $? = 0
configure:8600: result: no
configure:8764: checking dynamic linker characteristics
configure:9199: gcc -o conftest -g -O2   -Wl,-rpath -Wl,/foo conftest.c  >&5
configure:9199: $? = 0
configure:9417: result: GNU/Linux ld.so
configure:9519: checking how to hardcode library paths into programs
configure:9544: result: immediate
configure:10064: checking whether stripping libraries is possible
configure:10069: result: yes
configure:10104: checking if libtool supports shared libraries
configure:10106: result: yes
configure:10109: checking whether to build shared libraries
configure:10130: result: yes
configure:10133: checking whether to build static libraries
configure:10137: result: yes
configure:10201: checking for a BSD-compatible install
configure:10269: result: /usr/bin/install -c
configure:10280: checking whether build environment is sane
configure:10335: result: yes
configure:10486: checking for a thread-safe mkdir -p
configure:10525: result: /bin/mkdir -p
configure:10532: checking for gawk
configure:10562: result: no
configure:10532: checking for mawk
configure:10548: found /usr/bin/mawk
configure:10559: result: mawk
configure:10570: checking whether make sets $(MAKE)
configure:10592: result: yes
configure:10622: checking for style of include used by make
configure:10650: result: GNU
configure:10684: checking whether make supports nested variables
configure:10701: result: yes
configure:10782: checking dependency style of gcc
configure:10893: result: gcc3
configure:10959: checking for gcc
configure:10986: result: gcc
configure:11215: checking for C compiler version
configure:11224: gcc --version >&5
gcc (Debian 10.2.1-6) 10.2.1 20210110
Copyright (C) 2020 Free Software Foundation, Inc.
This is free software; see the source for copying conditions.  There is NO
warranty; not even for MERCHANTABILITY or FITNESS FOR A PARTICULAR PURPOSE.

configure:11235: $? = 0
configure:11224: gcc -v >&5
Using built-in specs.
COLLECT_GCC=gcc
COLLECT_LTO_WRAPPER=/usr/lib/gcc/x86_64-linux-gnu/10/lto-wrapper
OFFLOAD_TARGET_NAMES=nvptx-none:amdgcn-amdhsa:hsa
OFFLOAD_TARGET_DEFAULT=1
Target: x86_64-linux-gnu
Configured with: ../src/configure -v --with-pkgversion='Debian 10.2.1-6' --with-bugurl=file:///usr/share/doc/gcc-10/README.Bugs --enable-languages=c,ada,c++,go,brig,d,fortran,objc,obj-c++,m2 --prefix=/usr --with-gcc-major-version-only --program-suffix=-10 --program-prefix=x86_64-linux-gnu- --enable-shared --enable-linker-build-id --libexecdir=/usr/lib --without-included-gettext --enable-threads=posix --libdir=/usr/lib --enable-nls --enable-bootstrap --enable-clocale=gnu --enable-libstdcxx-debug --enable-libstdcxx-time=yes --with-default-libstdcxx-abi=new --enable-gnu-unique-object --disable-vtable-verify --enable-plugin --enable-default-pie --with-system-zlib --enable-libphobos-checking=release --with-target-system-zlib=auto --enable-objc-gc=auto --enable-multiarch --disable-werror --with-arch-32=i686 --with-abi=m64 --with-multilib-list=m32,m64,mx32 --enable-multilib --with-tune=generic --enable-offload-targets=nvptx-none=/build/gcc-10-Km9U7s/gcc-10-10.2.1/debian/tmp-nvptx/usr,amdgcn-amdhsa=/build/gcc-10-Km9U7s/gcc-10-10.2.1/debian/tmp-gcn/usr,hsa --without-cuda-driver --enable-checking=release --build=x86_64-linux-gnu --host=x86_64-linux-gnu --target=x86_64-linux-gnu --with-build-config=bootstrap-lto-lean --enable-link-mutex
Thread model: posix
Supported LTO compression algorithms: zlib zstd
gcc version 10.2.1 20210110 (Debian 10.2.1-6) 
... rest of stderr output deleted ...
configure:11235: $? = 0
configure:11224: gcc -V >&5
gcc: error: unrecognized command-line option '-V'
gcc: fatal error: no input files
compilation terminated.
configure:11235: $? = 1
configure:11224: gcc -qversion >&5
gcc: error: unrecognized command-line option '-qversion'; did you mean '--version'?
gcc: fatal error: no input files
compilation terminated.
configure:11235: $? = 1
configure:11239: checking whether we are using the GNU C compiler
configure:11267: result: yes
configure:11276: checking whether gcc accepts -g
configure:11337: result: yes
configure:11354: checking for gcc option to accept ISO C89
configure:11430: result: none needed
configure:11508: checking for g++
configure:11524: found /usr/bin/g++
configure:11535: result: g++
configure:11562: checking for C++ compiler version
configure:11571: g++ --version >&5
g++ (Debian 10.2.1-6) 10.2.1 20210110
Copyright (C) 2020 Free Software Foundation, Inc.
This is free software; see the source for copying conditions.  There is NO
warranty; not even for MERCHANTABILITY or FITNESS FOR A PARTICULAR PURPOSE.

configure:11582: $? = 0
configure:11571: g++ -v >&5
Using built-in specs.
COLLECT_GCC=g++
COLLECT_LTO_WRAPPER=/usr/lib/gcc/x86_64-linux-gnu/10/lto-wrapper
OFFLOAD_TARGET_NAMES=nvptx-none:amdgcn-amdhsa:hsa
OFFLOAD_TARGET_DEFAULT=1
Target: x86_64-linux-gnu
Configured with: ../src/configure -v --with-pkgversion='Debian 10.2.1-6' --with-bugurl=file:///usr/share/doc/gcc-10/README.Bugs --enable-languages=c,ada,c++,go,brig,d,fortran,objc,obj-c++,m2 --prefix=/usr --with-gcc-major-version-only --program-suffix=-10 --program-prefix=x86_64-linux-gnu- --enable-shared --enable-linker-build-id --libexecdir=/usr/lib --without-included-gettext --enable-threads=posix --libdir=/usr/lib --enable-nls --enable-bootstrap --enable-clocale=gnu --enable-libstdcxx-debug --enable-libstdcxx-time=yes --with-default-libstdcxx-abi=new --enable-gnu-unique-object --disable-vtable-verify --enable-plugin --enable-default-pie --with-system-zlib --enable-libphobos-checking=release --with-target-system-zlib=auto --enable-objc-gc=auto --enable-multiarch --disable-werror --with-arch-32=i686 --with-abi=m64 --with-multilib-list=m32,m64,mx32 --enable-multilib --with-tune=generic --enable-offload-targets=nvptx-none=/build/gcc-10-Km9U7s/gcc-10-10.2.1/debian/tmp-nvptx/usr,amdgcn-amdhsa=/build/gcc-10-Km9U7s/gcc-10-10.2.1/debian/tmp-gcn/usr,hsa --without-cuda-driver --enable-checking=release --build=x86_64-linux-gnu --host=x86_64-linux-gnu --target=x86_64-linux-gnu --with-build-config=bootstrap-lto-lean --enable-link-mutex
Thread model: posix
Supported LTO compression algorithms: zlib zstd
gcc version 10.2.1 20210110 (Debian 10.2.1-6) 
... rest of stderr output deleted ...
configure:11582: $? = 0
configure:11571: g++ -V >&5
g++: error: unrecognized command-line option '-V'
g++: fatal error: no input files
compilation terminated.
configure:11582: $? = 1
configure:11571: g++ -qversion >&5
g++: error: unrecognized command-line option '-qversion'; did you mean '--version'?
g++: fatal error: no input files
compilation terminated.
configure:11582: $? = 1
configure:11586: checking whether we are using the GNU C++ compiler
configure:11605: g++ -c   conftest.cpp >&5
configure:11605: $? = 0
configure:11614: result: yes
configure:11623: checking whether g++ accepts -g
configure:11643: g++ -c -g  conftest.cpp >&5
configure:11643: $? = 0
configure:11684: result: yes
configure:11820: checking for C++ compiler version
configure:11829: g++ --version >&5
g++ (Debian 10.2.1-6) 10.2.1 20210110
Copyright (C) 2020 Free Software Foundation, Inc.
This is free software; see the source for copying conditions.  There is NO
warranty; not even for MERCHANTABILITY or FITNESS FOR A PARTICULAR PURPOSE.

configure:11840: $? = 0
configure:11829: g++ -v >&5
Using built-in specs.
COLLECT_GCC=g++
COLLECT_LTO_WRAPPER=/usr/lib/gcc/x86_64-linux-gnu/10/lto-wrapper
OFFLOAD_TARGET_NAMES=nvptx-none:amdgcn-amdhsa:hsa
OFFLOAD_TARGET_DEFAULT=1
Target: x86_64-linux-gnu
Configured with: ../src/configure -v --with-pkgversion='Debian 10.2.1-6' --with-bugurl=file:///usr/share/doc/gcc-10/README.Bugs --enable-languages=c,ada,c++,go,brig,d,fortran,objc,obj-c++,m2 --prefix=/usr --with-gcc-major-version-only --program-suffix=-10 --program-prefix=x86_64-linux-gnu- --enable-shared --enable-linker-build-id --libexecdir=/usr/lib --without-included-gettext --enable-threads=posix --libdir=/usr/lib --enable-nls --enable-bootstrap --enable-clocale=gnu --enable-libstdcxx-debug --enable-libstdcxx-time=yes --with-default-libstdcxx-abi=new --enable-gnu-unique-object --disable-vtable-verify --enable-plugin --enable-default-pie --with-system-zlib --enable-libphobos-checking=release --with-target-system-zlib=auto --enable-objc-gc=auto --enable-multiarch --disable-werror --with-arch-32=i686 --with-abi=m64 --with-multilib-list=m32,m64,mx32 --enable-multilib --with-tune=generic --enable-offload-targets=nvptx-none=/build/gcc-10-Km9U7s/gcc-10-10.2.1/debian/tmp-nvptx/usr,amdgcn-amdhsa=/build/gcc-10-Km9U7s/gcc-10-10.2.1/debian/tmp-gcn/usr,hsa --without-cuda-driver --enable-checking=release --build=x86_64-linux-gnu --host=x86_64-linux-gnu --target=x86_64-linux-gnu --with-build-config=bootstrap-lto-lean --enable-link-mutex
Thread model: posix
Supported LTO compression algorithms: zlib zstd
gcc version 10.2.1 20210110 (Debian 10.2.1-6) 
... rest of stderr output deleted ...
configure:11840: $? = 0
configure:11829: g++ -V >&5
g++: error: unrecognized command-line option '-V'
g++: fatal error: no input files
compilation terminated.
configure:11840: $? = 1
configure:11829: g++ -qversion >&5
g++: error: unrecognized command-line option '-qversion'; did you mean '--version'?
g++: fatal error: no input files
compilation terminated.
configure:11840: $? = 1
configure:11844: checking whether we are using the GNU C++ compiler
configure:11872: result: yes
configure:11881: checking whether g++ accepts -g
configure:11942: result: yes
configure:11967: checking dependency style of g++
configure:12078: result: gcc3
configure:12101: checking how to run the C++ preprocessor
configure:12128: g++ -E  conftest.cpp
configure:12128: $? = 0
configure:12142: g++ -E  conftest.cpp
conftest.cpp:23:10: fatal error: ac_nonexistent.h: No such file or directory
   23 | #include <ac_nonexistent.h>
      |          ^~~~~~~~~~~~~~~~~~
compilation terminated.
configure:12142: $? = 1
configure: failed program was:
| /* confdefs.h */
| #define PACKAGE_NAME ""
| #define PACKAGE_TARNAME ""
| #define PACKAGE_VERSION ""
| #define PACKAGE_STRING ""
| #define PACKAGE_BUGREPORT ""
| #define PACKAGE_URL ""
| #define STDC_HEADERS 1
| #define HAVE_SYS_TYPES_H 1
| #define HAVE_SYS_STAT_H 1
| #define HAVE_STDLIB_H 1
| #define HAVE_STRING_H 1
| #define HAVE_MEMORY_H 1
| #define HAVE_STRINGS_H 1
| #define HAVE_INTTYPES_H 1
| #define HAVE_STDINT_H 1
| #define HAVE_UNISTD_H 1
| #define HAVE_DLFCN_H 1
| #define LT_OBJDIR ".libs/"
| #define PACKAGE "SDL2_net"
| #define VERSION "2.0.1"
| /* end confdefs.h.  */
| #include <ac_nonexistent.h>
configure:12167: result: g++ -E
configure:12187: g++ -E  conftest.cpp
configure:12187: $? = 0
configure:12201: g++ -E  conftest.cpp
conftest.cpp:23:10: fatal error: ac_nonexistent.h: No such file or directory
   23 | #include <ac_nonexistent.h>
      |          ^~~~~~~~~~~~~~~~~~
compilation terminated.
configure:12201: $? = 1
configure: failed program was:
| /* confdefs.h */
| #define PACKAGE_NAME ""
| #define PACKAGE_TARNAME ""
| #define PACKAGE_VERSION ""
| #define PACKAGE_STRING ""
| #define PACKAGE_BUGREPORT ""
| #define PACKAGE_URL ""
| #define STDC_HEADERS 1
| #define HAVE_SYS_TYPES_H 1
| #define HAVE_SYS_STAT_H 1
| #define HAVE_STDLIB_H 1
| #define HAVE_STRING_H 1
| #define HAVE_MEMORY_H 1
| #define HAVE_STRINGS_H 1
| #define HAVE_INTTYPES_H 1
| #define HAVE_STDINT_H 1
| #define HAVE_UNISTD_H 1
| #define HAVE_DLFCN_H 1
| #define LT_OBJDIR ".libs/"
| #define PACKAGE "SDL2_net"
| #define VERSION "2.0.1"
| /* end confdefs.h.  */
| #include <ac_nonexistent.h>
configure:12369: checking for ld used by g++
configure:12436: result: /usr/bin/ld -m elf_x86_64
configure:12443: checking if the linker (/usr/bin/ld -m elf_x86_64) is GNU ld
configure:12458: result: yes
configure:12513: checking whether the g++ linker (/usr/bin/ld -m elf_x86_64) supports shared libraries
configure:13426: result: yes
configure:13454: g++ -c -g -O2  conftest.cpp >&5
configure:13457: $? = 0
configure:13639: checking for g++ option to produce PIC
configure:13956: result: -fPIC -DPIC
configure:13965: checking if g++ PIC flag -fPIC -DPIC works
configure:13983: g++ -c -g -O2  -fPIC -DPIC -DPIC conftest.cpp >&5
configure:13987: $? = 0
configure:14000: result: yes
configure:14021: checking if g++ static flag -static works
configure:14049: result: yes
configure:14061: checking if g++ supports -c -o file.o
configure:14082: g++ -c -g -O2  -o out/conftest2.o conftest.cpp >&5
configure:14086: $? = 0
configure:14108: result: yes
configure:14113: checking if g++ supports -c -o file.o
configure:14160: result: yes
configure:14190: checking whether the g++ linker (/usr/bin/ld -m elf_x86_64) supports shared libraries
configure:14216: result: yes
configure:14353: checking dynamic linker characteristics
configure:14736: g++ -o conftest -g -O2   -Wl,-rpath -Wl,/foo conftest.cpp  >&5
configure:14736: $? = 0
configure:14954: result: GNU/Linux ld.so
configure:15005: checking how to hardcode library paths into programs
configure:15030: result: immediate
configure:15071: checking dependency style of g++
configure:15182: result: gcc3
configure:15198: checking whether make sets $(MAKE)
configure:15220: result: yes
configure:15238: checking for windres
configure:15268: result: no
configure:15238: checking for linux-gnu-windres
configure:15268: result: no
configure:15384: checking for pkg-config
configure:15402: found /home/linuxbrew/.linuxbrew/bin/pkg-config
configure:15414: result: /home/linuxbrew/.linuxbrew/bin/pkg-config
configure:15439: checking pkg-config is at least version 0.9.0
configure:15442: result: yes
configure:15480: checking for SDL
configure:15488: $PKG_CONFIG --exists --print-errors "sdl2 >= $min_sdl_version"
configure:15491: $? = 0
configure:15506: $PKG_CONFIG --exists --print-errors "sdl2 >= $min_sdl_version"
configure:15509: $? = 0
configure:15545: result: yes
configure:15810: checking for GUI_Create in -lGUI
configure:15835: g++ -o conftest -g -O2   conftest.cpp -lGUI   -L/home/linuxbrew/.linuxbrew/lib -Wl,-rpath,/home/linuxbrew/.linuxbrew/lib -Wl,--enable-new-dtags -lSDL2 >&5
/usr/bin/ld: cannot find -lGUI
collect2: error: ld returned 1 exit status
configure:15835: $? = 1
configure: failed program was:
| /* confdefs.h */
| #define PACKAGE_NAME ""
| #define PACKAGE_TARNAME ""
| #define PACKAGE_VERSION ""
| #define PACKAGE_STRING ""
| #define PACKAGE_BUGREPORT ""
| #define PACKAGE_URL ""
| #define STDC_HEADERS 1
| #define HAVE_SYS_TYPES_H 1
| #define HAVE_SYS_STAT_H 1
| #define HAVE_STDLIB_H 1
| #define HAVE_STRING_H 1
| #define HAVE_MEMORY_H 1
| #define HAVE_STRINGS_H 1
| #define HAVE_INTTYPES_H 1
| #define HAVE_STDINT_H 1
| #define HAVE_UNISTD_H 1
| #define HAVE_DLFCN_H 1
| #define LT_OBJDIR ".libs/"
| #define PACKAGE "SDL2_net"
| #define VERSION "2.0.1"
| /* end confdefs.h.  */
| 
| /* Override any GCC internal prototype to avoid an error.
|    Use char because int might match the return type of a GCC
|    builtin and then its argument prototype would still apply.  */
| #ifdef __cplusplus
| extern "C"
| #endif
| char GUI_Create ();
| int
| main ()
| {
| return GUI_Create ();
|   ;
|   return 0;
| }
configure:15844: result: no
configure:15860: WARNING: *** Can't find the GUI library - not building test programs
The GUI library can be found at:
http://www.libsdl.org/projects/GUIlib/

configure:16020: checking that generated files are newer than configure
configure:16026: result: done
configure:16065: creating ./config.status

## ---------------------- ##
## Running config.status. ##
## ---------------------- ##

This file was extended by config.status, which was
generated by GNU Autoconf 2.69.  Invocation command line was

  CONFIG_FILES    = 
  CONFIG_HEADERS  = 
  CONFIG_LINKS    = 
  CONFIG_COMMANDS = 
  $ ./config.status 

on YOSHIOKANO-MONODAKARA

config.status:1074: creating Makefile
config.status:1074: creating SDL2_net.spec
config.status:1074: creating SDL2_net.pc
config.status:1246: executing libtool commands
config.status:1246: executing depfiles commands

## ---------------- ##
## Cache variables. ##
## ---------------- ##

ac_cv_build=x86_64-unknown-linux-gnu
ac_cv_c_compiler_gnu=yes
ac_cv_cxx_compiler_gnu=yes
ac_cv_env_CCC_set=
ac_cv_env_CCC_value=
ac_cv_env_CC_set=
ac_cv_env_CC_value=
ac_cv_env_CFLAGS_set=
ac_cv_env_CFLAGS_value=
ac_cv_env_CPPFLAGS_set=
ac_cv_env_CPPFLAGS_value=
ac_cv_env_CPP_set=
ac_cv_env_CPP_value=
ac_cv_env_CXXCPP_set=
ac_cv_env_CXXCPP_value=
ac_cv_env_CXXFLAGS_set=
ac_cv_env_CXXFLAGS_value=
ac_cv_env_CXX_set=
ac_cv_env_CXX_value=
ac_cv_env_LDFLAGS_set=
ac_cv_env_LDFLAGS_value=
ac_cv_env_LIBS_set=
ac_cv_env_LIBS_value=
ac_cv_env_PKG_CONFIG_set=
ac_cv_env_PKG_CONFIG_value=
ac_cv_env_SDL_CFLAGS_set=
ac_cv_env_SDL_CFLAGS_value=
ac_cv_env_SDL_LIBS_set=
ac_cv_env_SDL_LIBS_value=
ac_cv_env_build_alias_set=
ac_cv_env_build_alias_value=
ac_cv_env_host_alias_set=
ac_cv_env_host_alias_value=
ac_cv_env_target_alias_set=
ac_cv_env_target_alias_value=
ac_cv_header_dlfcn_h=yes
ac_cv_header_inttypes_h=yes
ac_cv_header_memory_h=yes
ac_cv_header_stdc=yes
ac_cv_header_stdint_h=yes
ac_cv_header_stdlib_h=yes
ac_cv_header_string_h=yes
ac_cv_header_strings_h=yes
ac_cv_header_sys_stat_h=yes
ac_cv_header_sys_types_h=yes
ac_cv_header_unistd_h=yes
ac_cv_host=x86_64-unknown-linux-gnu
ac_cv_lib_GUI_GUI_Create=no
ac_cv_objext=o
ac_cv_path_EGREP='/bin/grep -E'
ac_cv_path_FGREP='/bin/grep -F'
ac_cv_path_GREP=/bin/grep
ac_cv_path_SED=/bin/sed
ac_cv_path_ac_pt_PKG_CONFIG=/home/linuxbrew/.linuxbrew/bin/pkg-config
ac_cv_path_install='/usr/bin/install -c'
ac_cv_path_mkdir=/bin/mkdir
ac_cv_prog_AWK=mawk
ac_cv_prog_CPP='gcc -E'
ac_cv_prog_CXXCPP='g++ -E'
ac_cv_prog_ac_ct_AR=ar
ac_cv_prog_ac_ct_CC=gcc
ac_cv_prog_ac_ct_CXX=g++
ac_cv_prog_ac_ct_OBJDUMP=objdump
ac_cv_prog_ac_ct_RANLIB=ranlib
ac_cv_prog_ac_ct_STRIP=strip
ac_cv_prog_cc_c89=
ac_cv_prog_cc_g=yes
ac_cv_prog_cxx_g=yes
ac_cv_prog_make_make_set=yes
am_cv_CC_dependencies_compiler_type=gcc3
am_cv_CXX_dependencies_compiler_type=gcc3
am_cv_make_support_nested_variables=yes
lt_cv_deplibs_check_method=pass_all
lt_cv_file_magic_cmd='$MAGIC_CMD'
lt_cv_file_magic_test_file=
lt_cv_ld_reload_flag=-r
lt_cv_nm_interface='BSD nm'
lt_cv_objdir=.libs
lt_cv_path_LD=/usr/bin/ld
lt_cv_path_LDCXX='/usr/bin/ld -m elf_x86_64'
lt_cv_path_NM='/usr/bin/nm -B'
lt_cv_prog_compiler_c_o=yes
lt_cv_prog_compiler_c_o_CXX=yes
lt_cv_prog_compiler_pic_works=yes
lt_cv_prog_compiler_pic_works_CXX=yes
lt_cv_prog_compiler_rtti_exceptions=no
lt_cv_prog_compiler_static_works=yes
lt_cv_prog_compiler_static_works_CXX=yes
lt_cv_prog_gnu_ld=yes
lt_cv_prog_gnu_ldcxx=yes
lt_cv_sys_global_symbol_pipe='sed -n -e '\''s/^.*[	 ]\([ABCDGIRSTW][ABCDGIRSTW]*\)[	 ][	 ]*\([_A-Za-z][_A-Za-z0-9]*\)$/\1 \2 \2/p'\'''
lt_cv_sys_global_symbol_to_c_name_address='sed -n -e '\''s/^: \([^ ]*\) $/  {\"\1\", (void *) 0},/p'\'' -e '\''s/^[ABCDGIRSTW]* \([^ ]*\) \([^ ]*\)$/  {"\2", (void *) \&\2},/p'\'''
lt_cv_sys_global_symbol_to_c_name_address_lib_prefix='sed -n -e '\''s/^: \([^ ]*\) $/  {\"\1\", (void *) 0},/p'\'' -e '\''s/^[ABCDGIRSTW]* \([^ ]*\) \(lib[^ ]*\)$/  {"\2", (void *) \&\2},/p'\'' -e '\''s/^[ABCDGIRSTW]* \([^ ]*\) \([^ ]*\)$/  {"lib\2", (void *) \&\2},/p'\'''
lt_cv_sys_global_symbol_to_cdecl='sed -n -e '\''s/^T .* \(.*\)$/extern int \1();/p'\'' -e '\''s/^[ABCDGIRSTW]* .* \(.*\)$/extern char \1;/p'\'''
lt_cv_sys_max_cmd_len=1572864
pkg_cv_SDL_CFLAGS='-D_REENTRANT -I/home/linuxbrew/.linuxbrew/include/SDL2'
pkg_cv_SDL_LIBS='-L/home/linuxbrew/.linuxbrew/lib -Wl,-rpath,/home/linuxbrew/.linuxbrew/lib -Wl,--enable-new-dtags -lSDL2'

## ----------------- ##
## Output variables. ##
## ----------------- ##

ACLOCAL='${SHELL} /home/btn7/kuas-c/SDL_net-release-2.0.1/missing aclocal-1.13'
AMDEPBACKSLASH='\'
AMDEP_FALSE='#'
AMDEP_TRUE=''
AMTAR='$${TAR-tar}'
AM_BACKSLASH='\'
AM_DEFAULT_V='$(AM_DEFAULT_VERBOSITY)'
AM_DEFAULT_VERBOSITY='1'
AM_V='$(V)'
AR='ar'
AS='as'
AUTOCONF='${SHELL} /home/btn7/kuas-c/SDL_net-release-2.0.1/missing autoconf'
AUTOHEADER='${SHELL} /home/btn7/kuas-c/SDL_net-release-2.0.1/missing autoheader'
AUTOMAKE='${SHELL} /home/btn7/kuas-c/SDL_net-release-2.0.1/missing automake-1.13'
AWK='mawk'
BINARY_AGE='1'
CC='gcc'
CCDEPMODE='depmode=gcc3'
CFLAGS='-g -O2 -D_REENTRANT -I/home/linuxbrew/.linuxbrew/include/SDL2'
CPP='gcc -E'
CPPFLAGS=''
CXX='g++'
CXXCPP='g++ -E'
CXXDEPMODE='depmode=gcc3'
CXXFLAGS='-g -O2 -g -O2 -D_REENTRANT -I/home/linuxbrew/.linuxbrew/include/SDL2'
CYGPATH_W='echo'
DEFS='-DPACKAGE_NAME=\"\" -DPACKAGE_TARNAME=\"\" -DPACKAGE_VERSION=\"\" -DPACKAGE_STRING=\"\" -DPACKAGE_BUGREPORT=\"\" -DPACKAGE_URL=\"\" -DSTDC_HEADERS=1 -DHAVE_SYS_TYPES_H=1 -DHAVE_SYS_STAT_H=1 -DHAVE_STDLIB_H=1 -DHAVE_STRING_H=1 -DHAVE_MEMORY_H=1 -DHAVE_STRINGS_H=1 -DHAVE_INTTYPES_H=1 -DHAVE_STDINT_H=1 -DHAVE_UNISTD_H=1 -DHAVE_DLFCN_H=1 -DLT_OBJDIR=\".libs/\" -DPACKAGE=\"SDL2_net\" -DVERSION=\"2.0.1\"'
DEPDIR='.deps'
DLLTOOL='dlltool'
DSYMUTIL=''
DUMPBIN=''
ECHO_C=''
ECHO_N='-n'
ECHO_T=''
EGREP='/bin/grep -E'
EXEEXT=''
FGREP='/bin/grep -F'
GREP='/bin/grep'
HAVE_GUI_LIB_FALSE=''
HAVE_GUI_LIB_TRUE='#'
INETLIB=''
INSTALL_DATA='${INSTALL} -m 644'
INSTALL_PROGRAM='${INSTALL}'
INSTALL_SCRIPT='${INSTALL}'
INSTALL_STRIP_PROGRAM='$(install_sh) -c -s'
INTERFACE_AGE='1'
LD='/usr/bin/ld -m elf_x86_64'
LDFLAGS=''
LIBOBJS=''
LIBS=' -L/home/linuxbrew/.linuxbrew/lib -Wl,-rpath,/home/linuxbrew/.linuxbrew/lib -Wl,--enable-new-dtags -lSDL2'
LIBTOOL='$(SHELL) $(top_builddir)/libtool'
LIPO=''
LN_S='ln -s'
LTLIBOBJS=''
LT_AGE='0'
LT_CURRENT='0'
LT_RELEASE='2.0'
LT_REVISION='1'
MAJOR_VERSION='2'
MAKEINFO='${SHELL} /home/btn7/kuas-c/SDL_net-release-2.0.1/missing makeinfo'
MICRO_VERSION='1'
MINOR_VERSION='0'
MKDIR_P='/bin/mkdir -p'
NM='/usr/bin/nm -B'
NMEDIT=''
OBJDUMP='objdump'
OBJEXT='o'
OTOOL64=''
OTOOL=''
PACKAGE='SDL2_net'
PACKAGE_BUGREPORT=''
PACKAGE_NAME=''
PACKAGE_STRING=''
PACKAGE_TARNAME=''
PACKAGE_URL=''
PACKAGE_VERSION=''
PATH_SEPARATOR=':'
PKG_CONFIG='/home/linuxbrew/.linuxbrew/bin/pkg-config'
RANLIB='ranlib'
SDL2_CONFIG='pkg-config sdl2'
SDL_CFLAGS='-D_REENTRANT -I/home/linuxbrew/.linuxbrew/include/SDL2'
SDL_LIBS='-L/home/linuxbrew/.linuxbrew/lib -Wl,-rpath,/home/linuxbrew/.linuxbrew/lib -Wl,--enable-new-dtags -lSDL2'
SDL_VERSION='2.0.0'
SED='/bin/sed'
SET_MAKE=''
SHELL='/bin/bash'
STRIP='strip'
USE_VERSION_RC_FALSE=''
USE_VERSION_RC_TRUE='#'
VERSION='2.0.1'
WINDRES=''
ac_ct_CC='gcc'
ac_ct_CXX='g++'
ac_ct_DUMPBIN=''
am__EXEEXT_FALSE=''
am__EXEEXT_TRUE='#'
am__fastdepCC_FALSE='#'
am__fastdepCC_TRUE=''
am__fastdepCXX_FALSE='#'
am__fastdepCXX_TRUE=''
am__include='include'
am__isrc=''
am__leading_dot='.'
am__nodep='_no'
am__quote=''
am__tar='$${TAR-tar} chof - "$$tardir"'
am__untar='$${TAR-tar} xf -'
bindir='${exec_prefix}/bin'
build='x86_64-unknown-linux-gnu'
build_alias=''
build_cpu='x86_64'
build_os='linux-gnu'
build_vendor='unknown'
datadir='${datarootdir}'
datarootdir='${prefix}/share'
docdir='${datarootdir}/doc/${PACKAGE}'
dvidir='${docdir}'
exec_prefix='${prefix}'
host='x86_64-unknown-linux-gnu'
host_alias=''
host_cpu='x86_64'
host_os='linux-gnu'
host_vendor='unknown'
htmldir='${docdir}'
includedir='${prefix}/include'
infodir='${datarootdir}/info'
install_sh='${SHELL} /home/btn7/kuas-c/SDL_net-release-2.0.1/install-sh'
libdir='${exec_prefix}/lib'
libexecdir='${exec_prefix}/libexec'
localedir='${datarootdir}/locale'
localstatedir='${prefix}/var'
lt_ECHO='echo'
mandir='${datarootdir}/man'
mkdir_p='$(MKDIR_P)'
oldincludedir='/usr/include'
pdfdir='${docdir}'
prefix='/usr/local'
program_transform_name='s,x,x,'
psdir='${docdir}'
sbindir='${exec_prefix}/sbin'
sharedstatedir='${prefix}/com'
sysconfdir='${prefix}/etc'
target_alias=''

## ----------- ##
## confdefs.h. ##
## ----------- ##

/* confdefs.h */
#define PACKAGE_NAME ""
#define PACKAGE_TARNAME ""
#define PACKAGE_VERSION ""
#define PACKAGE_STRING ""
#define PACKAGE_BUGREPORT ""
#define PACKAGE_URL ""
#define STDC_HEADERS 1
#define HAVE_SYS_TYPES_H 1
#define HAVE_SYS_STAT_H 1
#define HAVE_STDLIB_H 1
#define HAVE_STRING_H 1
#define HAVE_MEMORY_H 1
#define HAVE_STRINGS_H 1
#define HAVE_INTTYPES_H 1
#define HAVE_STDINT_H 1
#define HAVE_UNISTD_H 1
#define HAVE_DLFCN_H 1
#define LT_OBJDIR ".libs/"
#define PACKAGE "SDL2_net"
#define VERSION "2.0.1"

configure: exit 0
